<?xml version="1.0" encoding="UTF-8"?>
<testsuite name="co.com.n5.user.admin.service.AccessByPersonServiceTest" tests="5" skipped="0" failures="0" errors="0" timestamp="2022-03-13T04:27:20" hostname="SBBOGLAPPROJA56" time="0.246">
  <properties/>
  <testcase name="create()" classname="co.com.n5.user.admin.service.AccessByPersonServiceTest" time="0.229"/>
  <testcase name="delete()" classname="co.com.n5.user.admin.service.AccessByPersonServiceTest" time="0.005"/>
  <testcase name="getAll()" classname="co.com.n5.user.admin.service.AccessByPersonServiceTest" time="0.003"/>
  <testcase name="getOne()" classname="co.com.n5.user.admin.service.AccessByPersonServiceTest" time="0.003"/>
  <testcase name="update()" classname="co.com.n5.user.admin.service.AccessByPersonServiceTest" time="0.003"/>
  <system-out><![CDATA[]]></system-out>
  <system-err><![CDATA[]]></system-err>
</testsuite>
